APKs/manifest-merger-release-report.txt
-- Merging decision tree log ---
manifest
ADDED from AndroidManifest.xml:2:1
	xmlns:android
		ADDED from AndroidManifest.xml:2:11
	package
		ADDED from AndroidManifest.xml:3:5
		INJECTED from AndroidManifest.xml:0:0
		INJECTED from AndroidManifest.xml:0:0
	android:versionName
		INJECTED from AndroidManifest.xml:0:0
		INJECTED from AndroidManifest.xml:0:0
	android:versionCode
		INJECTED from AndroidManifest.xml:0:0
		INJECTED from AndroidManifest.xml:0:0
uses-sdk
ADDED from AndroidManifest.xml:5:5
MERGED from DocSchedulerDoc:facebookSDK:unspecified:20:5
MERGED from com.android.support:support-v4:21.0.2:15:5
MERGED from com.android.support:support-v4:21.0.2:15:5
MERGED from com.android.support:appcompat-v7:19.1.0:18:5
MERGED from com.android.support:support-v4:21.0.2:15:5
	android:targetSdkVersion
		ADDED from AndroidManifest.xml:7:9
		INJECTED from AndroidManifest.xml:0:0
		INJECTED from AndroidManifest.xml:0:0
	android:minSdkVersion
		ADDED from AndroidManifest.xml:6:9
		INJECTED from AndroidManifest.xml:0:0
		INJECTED from AndroidManifest.xml:0:0
uses-permission#android.permission.INTERNET
ADDED from AndroidManifest.xml:9:5
	android:name
		ADDED from AndroidManifest.xml:9:22
uses-permission#android.permission.ACCESS_NETWORK_STATE
ADDED from AndroidManifest.xml:10:5
	android:name
		ADDED from AndroidManifest.xml:10:22
uses-permission#android.permission.WRITE_EXTERNAL_STORAGE
ADDED from AndroidManifest.xml:11:5
	android:name
		ADDED from AndroidManifest.xml:11:22
uses-permission#android.permission.READ_PHONE_STATE
ADDED from AndroidManifest.xml:12:5
	android:name
		ADDED from AndroidManifest.xml:12:22
uses-permission#android.permission.READ_EXTERNAL_STORAGE
ADDED from AndroidManifest.xml:13:5
	android:name
		ADDED from AndroidManifest.xml:13:22
application
ADDED from AndroidManifest.xml:15:5
MERGED from DocSchedulerDoc:facebookSDK:unspecified:24:5
MERGED from com.android.support:support-v4:21.0.2:16:5
MERGED from com.android.support:support-v4:21.0.2:16:5
MERGED from com.android.support:appcompat-v7:19.1.0:19:5
MERGED from com.android.support:support-v4:21.0.2:16:5
	android:label
		ADDED from AndroidManifest.xml:19:9
	android:allowBackup
		ADDED from AndroidManifest.xml:17:9
	android:icon
		ADDED from AndroidManifest.xml:18:9
	android:theme
		ADDED from AndroidManifest.xml:20:9
	android:name
		ADDED from AndroidManifest.xml:16:9
activity#com.facebook.LoginActivity
ADDED from AndroidManifest.xml:21:9
	android:label
		ADDED from AndroidManifest.xml:23:13
	android:name
		ADDED from AndroidManifest.xml:22:13
activity#com.sarangjoshi.docschedulerdoc.MainActivity
ADDED from AndroidManifest.xml:24:9
	android:label
		ADDED from AndroidManifest.xml:26:13
	android:name
		ADDED from AndroidManifest.xml:25:13
activity#com.sarangjoshi.docschedulerdoc.DocHomeActivity
ADDED from AndroidManifest.xml:27:9
	android:label
		ADDED from AndroidManifest.xml:29:13
	android:name
		ADDED from AndroidManifest.xml:28:13
intent-filter#android.intent.action.MAIN+android.intent.category.LAUNCHER
ADDED from AndroidManifest.xml:30:13
action#android.intent.action.MAIN
ADDED from AndroidManifest.xml:31:17
	android:name
		ADDED from AndroidManifest.xml:31:25
category#android.intent.category.LAUNCHER
ADDED from AndroidManifest.xml:33:17
	android:name
		ADDED from AndroidManifest.xml:33:27
activity#com.sarangjoshi.docschedulerdoc.DocCreateEditProfileActivity
ADDED from AndroidManifest.xml:36:9
	android:label
		ADDED from AndroidManifest.xml:38:13
	android:name
		ADDED from AndroidManifest.xml:37:13
activity#com.sarangjoshi.docschedulerdoc.DocEditScheduleActivity
ADDED from AndroidManifest.xml:39:9
	android:label
		ADDED from AndroidManifest.xml:41:13
	android:parentActivityName
		ADDED from AndroidManifest.xml:42:13
	android:name
		ADDED from AndroidManifest.xml:40:13
meta-data#android.support.PARENT_ACTIVITY
ADDED from AndroidManifest.xml:43:13
	android:name
		ADDED from AndroidManifest.xml:44:17
	android:value
		ADDED from AndroidManifest.xml:45:17
activity#com.sarangjoshi.docschedulerdoc.DocEditPlaceActivity
ADDED from AndroidManifest.xml:47:9
	android:label
		ADDED from AndroidManifest.xml:49:13
	android:parentActivityName
		ADDED from AndroidManifest.xml:50:13
	android:name
		ADDED from AndroidManifest.xml:48:13
meta-data#com.facebook.sdk.ApplicationId
ADDED from AndroidManifest.xml:56:9
	android:name
		ADDED from AndroidManifest.xml:57:13
	android:value
		ADDED from AndroidManifest.xml:58:13
activity#com.sarangjoshi.docschedulerdoc.PatientHomeActivity
ADDED from AndroidManifest.xml:60:9
	android:label
		ADDED from AndroidManifest.xml:62:13
	android:name
		ADDED from AndroidManifest.xml:61:13
activity#com.sarangjoshi.docschedulerdoc.PatientViewScheduleActivity
ADDED from AndroidManifest.xml:63:9
	android:label
		ADDED from AndroidManifest.xml:65:13
	android:parentActivityName
		ADDED from AndroidManifest.xml:66:13
	android:name
		ADDED from AndroidManifest.xml:64:13
activity#com.sarangjoshi.docschedulerdoc.PatientViewWeeklyScheduleActivity
ADDED from AndroidManifest.xml:71:9
	android:label
		ADDED from AndroidManifest.xml:73:13
	android:parentActivityName
		ADDED from AndroidManifest.xml:74:13
	android:name
		ADDED from AndroidManifest.xml:72:13